#
# There is insufficient memory for the Java Runtime Environment to continue.
# Native memory allocation (malloc) failed to allocate 220016 bytes. Error detail: Chunk::new
# Possible reasons:
#   The system is out of physical RAM or swap space
#   This process is running with CompressedOops enabled, and the Java Heap may be blocking the growth of the native heap
# Possible solutions:
#   Reduce memory load on the system
#   Increase physical memory or swap space
#   Check if swap backing store is full
#   Decrease Java heap size (-Xmx/-Xms)
#   Decrease number of Java threads
#   Decrease Java thread stack sizes (-Xss)
#   Set larger code cache with -XX:ReservedCodeCacheSize=
#   JVM is running with Unscaled Compressed Oops mode in which the Java heap is
#     placed in the first 4GB address space. The Java Heap base address is the
#     maximum limit for the native heap growth. Please use -XX:HeapBaseMinAddress
#     to set the Java Heap base and to place the Java Heap above 4GB virtual address.
# This output file may be truncated or incomplete.
#
#  Out of Memory Error (arena.cpp:168), pid=7552, tid=4876
#
# JRE version: OpenJDK Runtime Environment Temurin-21.0.6+7 (21.0.6+7) (build 21.0.6+7-LTS)
# Java VM: OpenJDK 64-Bit Server VM Temurin-21.0.6+7 (21.0.6+7-LTS, mixed mode, sharing, tiered, compressed oops, compressed class ptrs, parallel gc, windows-amd64)
# No core dump will be written. Minidumps are not enabled by default on client versions of Windows
#

---------------  S U M M A R Y ------------

Command Line: --add-modules=ALL-SYSTEM --add-opens=java.base/java.util=ALL-UNNAMED --add-opens=java.base/java.lang=ALL-UNNAMED --add-opens=java.base/sun.nio.fs=ALL-UNNAMED -Declipse.application=org.eclipse.jdt.ls.core.id1 -Dosgi.bundles.defaultStartLevel=4 -Declipse.product=org.eclipse.jdt.ls.core.product -Djava.import.generatesMetadataFilesAtProjectRoot=false -DDetectVMInstallationsJob.disabled=true -Dfile.encoding=utf8 -XX:+UseParallelGC -XX:GCTimeRatio=4 -XX:AdaptiveSizePolicyWeight=90 -Dsun.zip.disableMemoryMapping=true -Xmx1G -Xms100m -Xlog:disable -javaagent:c:\Users\HP\.vscode\extensions\redhat.java-1.41.1-win32-x64\lombok\lombok-1.18.36.jar -XX:+HeapDumpOnOutOfMemoryError -XX:HeapDumpPath=c:\Users\HP\AppData\Roaming\Code\User\workspaceStorage\3d93fc52392a3daa1c66da8be98952dc\redhat.java -Daether.dependencyCollector.impl=bf c:\Users\HP\.vscode\extensions\redhat.java-1.41.1-win32-x64\server\plugins\org.eclipse.equinox.launcher_1.7.0.v20250331-1702.jar -configuration c:\Users\HP\AppData\Roaming\Code\User\globalStorage\redhat.java\1.41.1\config_win -data c:\Users\HP\AppData\Roaming\Code\User\workspaceStorage\3d93fc52392a3daa1c66da8be98952dc\redhat.java\jdt_ws --pipe=\\.\pipe\lsp-07a7edbc19bf8a701ff86d68b101d0d8-sock

Host: Intel(R) Core(TM) i5-6300U CPU @ 2.40GHz, 4 cores, 7G,  Windows 10 , 64 bit Build 19041 (10.0.19041.5438)
Time: Tue May  6 23:25:39 2025 Sri Lanka Standard Time elapsed time: 4.462427 seconds (0d 0h 0m 4s)

---------------  T H R E A D  ---------------

Current thread (0x00000192fded4c80):  JavaThread "C2 CompilerThread0" daemon [_thread_in_native, id=4876, stack(0x00000046e1c00000,0x00000046e1d00000) (1024K)]


Current CompileTask:
C2:4462 1696   !   4       java.lang.String::<init> (890 bytes)

Stack: [0x00000046e1c00000,0x00000046e1d00000]
Native frames: (J=compiled Java code, j=interpreted, Vv=VM code, C=native code)
V  [jvm.dll+0x6cdee9]
V  [jvm.dll+0x8a83d1]
V  [jvm.dll+0x8aa8fe]
V  [jvm.dll+0x8aafe3]
V  [jvm.dll+0x27f706]
V  [jvm.dll+0xc500d]
V  [jvm.dll+0xc5543]
V  [jvm.dll+0x3b678c]
V  [jvm.dll+0x382935]
V  [jvm.dll+0x381d9a]
V  [jvm.dll+0x2479f0]
V  [jvm.dll+0x246fcf]
V  [jvm.dll+0x1c75ee]
V  [jvm.dll+0x25685a]
V  [jvm.dll+0x254dfa]
V  [jvm.dll+0x3f0256]
V  [jvm.dll+0x851f8b]
V  [jvm.dll+0x6cc5ed]
C  [ucrtbase.dll+0x21bb2]
C  [KERNEL32.DLL+0x17374]
C  [ntdll.dll+0x4cc91]


---------------  P R O C E S S  ---------------

Threads class SMR info:
_java_thread_list=0x00000192ff3e06d0, length=12, elements={
0x00000192f8ba2a90, 0x00000192fdec8960, 0x00000192fdecc890, 0x00000192fdece820,
0x00000192fdecf730, 0x00000192fded3400, 0x00000192fded3e50, 0x00000192fded4c80,
0x00000192fdf4b890, 0x00000192f8c0f5a0, 0x00000192feedb850, 0x00000192ff520790
}

Java Threads: ( => current thread )
  0x00000192f8ba2a90 JavaThread "main"                              [_thread_in_Java, id=2468, stack(0x00000046e1200000,0x00000046e1300000) (1024K)]
  0x00000192fdec8960 JavaThread "Reference Handler"          daemon [_thread_blocked, id=5624, stack(0x00000046e1600000,0x00000046e1700000) (1024K)]
  0x00000192fdecc890 JavaThread "Finalizer"                  daemon [_thread_blocked, id=14360, stack(0x00000046e1700000,0x00000046e1800000) (1024K)]
  0x00000192fdece820 JavaThread "Signal Dispatcher"          daemon [_thread_blocked, id=3400, stack(0x00000046e1800000,0x00000046e1900000) (1024K)]
  0x00000192fdecf730 JavaThread "Attach Listener"            daemon [_thread_blocked, id=7876, stack(0x00000046e1900000,0x00000046e1a00000) (1024K)]
  0x00000192fded3400 JavaThread "Service Thread"             daemon [_thread_blocked, id=13632, stack(0x00000046e1a00000,0x00000046e1b00000) (1024K)]
  0x00000192fded3e50 JavaThread "Monitor Deflation Thread"   daemon [_thread_blocked, id=11584, stack(0x00000046e1b00000,0x00000046e1c00000) (1024K)]
=>0x00000192fded4c80 JavaThread "C2 CompilerThread0"         daemon [_thread_in_native, id=4876, stack(0x00000046e1c00000,0x00000046e1d00000) (1024K)]
  0x00000192fdf4b890 JavaThread "C1 CompilerThread0"         daemon [_thread_blocked, id=15804, stack(0x00000046e1d00000,0x00000046e1e00000) (1024K)]
  0x00000192f8c0f5a0 JavaThread "Common-Cleaner"             daemon [_thread_blocked, id=3280, stack(0x00000046e1e00000,0x00000046e1f00000) (1024K)]
  0x00000192feedb850 JavaThread "Notification Thread"        daemon [_thread_blocked, id=6876, stack(0x00000046e1f00000,0x00000046e2000000) (1024K)]
  0x00000192ff520790 JavaThread "Active Thread: Equinox Container: 310ae663-eac4-4026-a928-e28ce18b2d29"        [_thread_blocked, id=15516, stack(0x00000046e2300000,0x00000046e2400000) (1024K)]
Total: 12

Other Threads:
  0x00000192f8c5fc00 VMThread "VM Thread"                           [id=8200, stack(0x00000046e1500000,0x00000046e1600000) (1024K)]
  0x00000192f8c0e430 WatcherThread "VM Periodic Task Thread"        [id=5320, stack(0x00000046e1400000,0x00000046e1500000) (1024K)]
  0x00000192f8bc09a0 WorkerThread "GC Thread#0"                     [id=11180, stack(0x00000046e1300000,0x00000046e1400000) (1024K)]
  0x00000192ff28f260 WorkerThread "GC Thread#1"                     [id=14148, stack(0x00000046e2000000,0x00000046e2100000) (1024K)]
  0x00000192ff28e380 WorkerThread "GC Thread#2"                     [id=14172, stack(0x00000046e2100000,0x00000046e2200000) (1024K)]
  0x00000192ff1572c0 WorkerThread "GC Thread#3"                     [id=13924, stack(0x00000046e2200000,0x00000046e2300000) (1024K)]
Total: 6

Threads with active compile tasks:
C2 CompilerThread0  4513 1696   !   4       java.lang.String::<init> (890 bytes)
Total: 1

VM state: not at safepoint (normal execution)

VM Mutex/Monitor currently owned by a thread: None

Heap address: 0x00000000c0000000, size: 1024 MB, Compressed Oops mode: 32-bit

CDS archive(s) mapped at: [0x000001928f000000-0x000001928fba0000-0x000001928fba0000), size 12189696, SharedBaseAddress: 0x000001928f000000, ArchiveRelocationMode: 1.
Compressed class space mapped at: 0x0000019290000000-0x00000192d0000000, reserved size: 1073741824
Narrow klass base: 0x000001928f000000, Narrow klass shift: 0, Narrow klass range: 0x100000000

GC Precious Log:
 CardTable entry size: 512
 CPUs: 4 total, 4 available
 Memory: 8072M
 Large Page Support: Disabled
 NUMA Support: Disabled
 Compressed Oops: Enabled (32-bit)
 Alignments: Space 512K, Generation 512K, Heap 2M
 Heap Min Capacity: 100M
 Heap Initial Capacity: 100M
 Heap Max Capacity: 1G
 Pre-touch: Disabled
 Parallel Workers: 4

Heap:
 PSYoungGen      total 29696K, used 25101K [0x00000000eab00000, 0x00000000ecc00000, 0x0000000100000000)
  eden space 25600K, 85% used [0x00000000eab00000,0x00000000ec05fa18,0x00000000ec400000)
  from space 4096K, 78% used [0x00000000ec400000,0x00000000ec723aa0,0x00000000ec800000)
  to   space 4096K, 0% used [0x00000000ec800000,0x00000000ec800000,0x00000000ecc00000)
 ParOldGen       total 68608K, used 0K [0x00000000c0000000, 0x00000000c4300000, 0x00000000eab00000)
  object space 68608K, 0% used [0x00000000c0000000,0x00000000c0000000,0x00000000c4300000)
 Metaspace       used 7591K, committed 7872K, reserved 1114112K
  class space    used 732K, committed 896K, reserved 1048576K

Card table byte_map: [0x00000192f8570000,0x00000192f8780000] _byte_map_base: 0x00000192f7f70000

Marking Bits: (ParMarkBitMap*) 0x00007ffdf57e3260
 Begin Bits: [0x00000192fbda0000, 0x00000192fcda0000)
 End Bits:   [0x00000192fcda0000, 0x00000192fdda0000)

Polling page: 0x00000192f69c0000

Metaspace:

Usage:
  Non-class:      6.70 MB used.
      Class:    732.29 KB used.
       Both:      7.41 MB used.

Virtual space:
  Non-class space:       64.00 MB reserved,       6.81 MB ( 11%) committed,  1 nodes.
      Class space:        1.00 GB reserved,     896.00 KB ( <1%) committed,  1 nodes.
             Both:        1.06 GB reserved,       7.69 MB ( <1%) committed. 

Chunk freelists:
   Non-Class:  8.97 MB
       Class:  14.97 MB
        Both:  23.94 MB

MaxMetaspaceSize: unlimited
CompressedClassSpaceSize: 1.00 GB
Initial GC threshold: 21.00 MB
Current GC threshold: 21.00 MB
CDS: on
 - commit_granule_bytes: 65536.
 - commit_granule_words: 8192.
 - virtual_space_node_default_size: 8388608.
 - enlarge_chunks_in_place: 1.
 - use_allocation_guard: 0.


Internal statistics:

num_allocs_failed_limit: 0.
num_arena_births: 226.
num_arena_deaths: 0.
num_vsnodes_births: 2.
num_vsnodes_deaths: 0.
num_space_committed: 123.
num_space_uncommitted: 0.
num_chunks_returned_to_freelist: 0.
num_chunks_taken_from_freelist: 394.
num_chunk_merges: 0.
num_chunk_splits: 265.
num_chunks_enlarged: 178.
num_inconsistent_stats: 0.

CodeHeap 'non-profiled nmethods': size=120000Kb used=735Kb max_used=735Kb free=119264Kb
 bounds [0x0000019287ad0000, 0x0000019287d40000, 0x000001928f000000]
CodeHeap 'profiled nmethods': size=120000Kb used=3053Kb max_used=3053Kb free=116947Kb
 bounds [0x0000019280000000, 0x0000019280300000, 0x0000019287530000]
CodeHeap 'non-nmethods': size=5760Kb used=1212Kb max_used=1236Kb free=4548Kb
 bounds [0x0000019287530000, 0x00000192877a0000, 0x0000019287ad0000]
 total_blobs=2186 nmethods=1709 adapters=384
 compilation: enabled
              stopped_count=0, restarted_count=0
 full_count=0

Compilation events (20 events):
Event: 4.428 Thread 0x00000192fdf4b890 nmethod 1693 0x00000192802f0610 code [0x00000192802f07c0, 0x00000192802f0920]
Event: 4.428 Thread 0x00000192fdf4b890 1694       3       java.util.ArrayList::indexOfRange (71 bytes)
Event: 4.428 Thread 0x00000192fdf4b890 nmethod 1694 0x00000192802f0a10 code [0x00000192802f0c00, 0x00000192802f1090]
Event: 4.429 Thread 0x00000192fdf4b890 1695       3       sun.security.jca.GetInstance::checkSuperClass (68 bytes)
Event: 4.430 Thread 0x00000192fdf4b890 nmethod 1695 0x00000192802f1290 code [0x00000192802f1540, 0x00000192802f1ea0]
Event: 4.433 Thread 0x00000192fded4c80 1696   !   4       java.lang.String::<init> (890 bytes)
Event: 4.444 Thread 0x00000192fdf4b890 1699       3       java.math.BigInteger::implSquareToLen (154 bytes)
Event: 4.445 Thread 0x00000192fdf4b890 nmethod 1699 0x00000192802f2310 code [0x00000192802f2520, 0x00000192802f29c8]
Event: 4.445 Thread 0x00000192fdf4b890 1700       3       java.math.BigInteger::shiftLeftImplWorker (43 bytes)
Event: 4.445 Thread 0x00000192fdf4b890 nmethod 1700 0x00000192802f2d10 code [0x00000192802f2ec0, 0x00000192802f30e8]
Event: 4.448 Thread 0x00000192fdf4b890 1701       3       java.util.HashMap::entrySet (27 bytes)
Event: 4.448 Thread 0x00000192fdf4b890 nmethod 1701 0x00000192802f3290 code [0x00000192802f3460, 0x00000192802f37d8]
Event: 4.448 Thread 0x00000192fdf4b890 1702       3       java.util.HashMap$EntrySet::iterator (12 bytes)
Event: 4.449 Thread 0x00000192fdf4b890 nmethod 1702 0x00000192802f3910 code [0x00000192802f3ac0, 0x00000192802f3cc8]
Event: 4.449 Thread 0x00000192fdf4b890 1703       3       java.util.HashMap$EntryIterator::<init> (6 bytes)
Event: 4.449 Thread 0x00000192fdf4b890 nmethod 1703 0x00000192802f3d90 code [0x00000192802f3f40, 0x00000192802f4078]
Event: 4.449 Thread 0x00000192fdf4b890 1704       3       java.math.MutableBigInteger::divWord (108 bytes)
Event: 4.450 Thread 0x00000192fdf4b890 nmethod 1704 0x00000192802f4110 code [0x00000192802f42e0, 0x00000192802f4628]
Event: 4.455 Thread 0x00000192fdf4b890 1706       3       java.util.regex.Pattern$SliceI::match (96 bytes)
Event: 4.455 Thread 0x00000192fdf4b890 nmethod 1706 0x00000192802f4790 code [0x00000192802f49a0, 0x00000192802f4fc8]

GC Heap History (2 events):
Event: 2.096 GC heap before
{Heap before GC invocations=1 (full 0):
 PSYoungGen      total 29696K, used 25600K [0x00000000eab00000, 0x00000000ecc00000, 0x0000000100000000)
  eden space 25600K, 100% used [0x00000000eab00000,0x00000000ec400000,0x00000000ec400000)
  from space 4096K, 0% used [0x00000000ec800000,0x00000000ec800000,0x00000000ecc00000)
  to   space 4096K, 0% used [0x00000000ec400000,0x00000000ec400000,0x00000000ec800000)
 ParOldGen       total 68608K, used 0K [0x00000000c0000000, 0x00000000c4300000, 0x00000000eab00000)
  object space 68608K, 0% used [0x00000000c0000000,0x00000000c0000000,0x00000000c4300000)
 Metaspace       used 4350K, committed 4544K, reserved 1114112K
  class space    used 438K, committed 512K, reserved 1048576K
}
Event: 2.123 GC heap after
{Heap after GC invocations=1 (full 0):
 PSYoungGen      total 29696K, used 3214K [0x00000000eab00000, 0x00000000ecc00000, 0x0000000100000000)
  eden space 25600K, 0% used [0x00000000eab00000,0x00000000eab00000,0x00000000ec400000)
  from space 4096K, 78% used [0x00000000ec400000,0x00000000ec723aa0,0x00000000ec800000)
  to   space 4096K, 0% used [0x00000000ec800000,0x00000000ec800000,0x00000000ecc00000)
 ParOldGen       total 68608K, used 0K [0x00000000c0000000, 0x00000000c4300000, 0x00000000eab00000)
  object space 68608K, 0% used [0x00000000c0000000,0x00000000c0000000,0x00000000c4300000)
 Metaspace       used 4350K, committed 4544K, reserved 1114112K
  class space    used 438K, committed 512K, reserved 1048576K
}

Dll operation events (8 events):
Event: 0.015 Loaded shared library c:\Users\HP\.vscode\extensions\redhat.java-1.41.1-win32-x64\jre\21.0.6-win32-x86_64\bin\java.dll
Event: 0.154 Loaded shared library c:\Users\HP\.vscode\extensions\redhat.java-1.41.1-win32-x64\jre\21.0.6-win32-x86_64\bin\zip.dll
Event: 0.194 Loaded shared library C:\Users\HP\.vscode\extensions\redhat.java-1.41.1-win32-x64\jre\21.0.6-win32-x86_64\bin\instrument.dll
Event: 0.206 Loaded shared library C:\Users\HP\.vscode\extensions\redhat.java-1.41.1-win32-x64\jre\21.0.6-win32-x86_64\bin\net.dll
Event: 0.210 Loaded shared library C:\Users\HP\.vscode\extensions\redhat.java-1.41.1-win32-x64\jre\21.0.6-win32-x86_64\bin\nio.dll
Event: 0.217 Loaded shared library C:\Users\HP\.vscode\extensions\redhat.java-1.41.1-win32-x64\jre\21.0.6-win32-x86_64\bin\zip.dll
Event: 0.251 Loaded shared library C:\Users\HP\.vscode\extensions\redhat.java-1.41.1-win32-x64\jre\21.0.6-win32-x86_64\bin\jimage.dll
Event: 0.418 Loaded shared library c:\Users\HP\.vscode\extensions\redhat.java-1.41.1-win32-x64\jre\21.0.6-win32-x86_64\bin\verify.dll

Deoptimization events (20 events):
Event: 3.256 Thread 0x00000192f8ba2a90 DEOPT PACKING pc=0x0000019287b0c884 sp=0x00000046e12f8260
Event: 3.256 Thread 0x00000192f8ba2a90 DEOPT UNPACKING pc=0x0000019287583aa2 sp=0x00000046e12f8210 mode 2
Event: 3.256 Thread 0x00000192f8ba2a90 Uncommon trap: trap_request=0xffffffc6 fr.pc=0x0000019287b0c884 relative=0x00000000000002c4
Event: 3.256 Thread 0x00000192f8ba2a90 Uncommon trap: reason=bimorphic_or_optimized_type_check action=maybe_recompile pc=0x0000019287b0c884 method=java.util.Collections$UnmodifiableCollection$1.next()Ljava/lang/Object; @ 4 c2
Event: 3.256 Thread 0x00000192f8ba2a90 DEOPT PACKING pc=0x0000019287b0c884 sp=0x00000046e12f8260
Event: 3.256 Thread 0x00000192f8ba2a90 DEOPT UNPACKING pc=0x0000019287583aa2 sp=0x00000046e12f8210 mode 2
Event: 3.768 Thread 0x00000192f8ba2a90 Uncommon trap: trap_request=0xffffff45 fr.pc=0x0000019287b562d0 relative=0x00000000000000b0
Event: 3.768 Thread 0x00000192f8ba2a90 Uncommon trap: reason=unstable_if action=reinterpret pc=0x0000019287b562d0 method=java.util.concurrent.locks.ReentrantLock$NonfairSync.initialTryLock()Z @ 10 c2
Event: 3.768 Thread 0x00000192f8ba2a90 DEOPT PACKING pc=0x0000019287b562d0 sp=0x00000046e12fe6e0
Event: 3.769 Thread 0x00000192f8ba2a90 DEOPT UNPACKING pc=0x0000019287583aa2 sp=0x00000046e12fe670 mode 2
Event: 3.772 Thread 0x00000192f8ba2a90 Uncommon trap: trap_request=0xffffff45 fr.pc=0x0000019287b55f34 relative=0x0000000000000094
Event: 3.772 Thread 0x00000192f8ba2a90 Uncommon trap: reason=unstable_if action=reinterpret pc=0x0000019287b55f34 method=java.util.concurrent.locks.ReentrantLock$Sync.tryRelease(I)Z @ 26 c2
Event: 3.772 Thread 0x00000192f8ba2a90 DEOPT PACKING pc=0x0000019287b55f34 sp=0x00000046e12fe7b0
Event: 3.772 Thread 0x00000192f8ba2a90 DEOPT UNPACKING pc=0x0000019287583aa2 sp=0x00000046e12fe730 mode 2
Event: 4.435 Thread 0x00000192f8ba2a90 DEOPT PACKING pc=0x000001928010498b sp=0x00000046e12fc6e0
Event: 4.435 Thread 0x00000192f8ba2a90 DEOPT UNPACKING pc=0x0000019287584242 sp=0x00000046e12fbb58 mode 0
Event: 4.441 Thread 0x00000192f8ba2a90 DEOPT PACKING pc=0x0000019280100606 sp=0x00000046e12fc140
Event: 4.441 Thread 0x00000192f8ba2a90 DEOPT UNPACKING pc=0x0000019287584242 sp=0x00000046e12fb5c0 mode 0
Event: 4.450 Thread 0x00000192f8ba2a90 DEOPT PACKING pc=0x0000019280100606 sp=0x00000046e12fc390
Event: 4.450 Thread 0x00000192f8ba2a90 DEOPT UNPACKING pc=0x0000019287584242 sp=0x00000046e12fb810 mode 0

Classes loaded (20 events):
Event: 3.880 Loading class java/util/concurrent/Executors$RunnableAdapter
Event: 3.880 Loading class java/util/concurrent/Executors$RunnableAdapter done
Event: 3.881 Loading class java/util/concurrent/ThreadPoolExecutor$Worker
Event: 3.881 Loading class java/util/concurrent/ThreadPoolExecutor$Worker done
Event: 4.189 Loading class java/util/ArrayList$ListItr
Event: 4.190 Loading class java/util/ArrayList$ListItr done
Event: 4.256 Loading class java/util/ConcurrentModificationException
Event: 4.256 Loading class java/util/ConcurrentModificationException done
Event: 4.300 Loading class java/util/LinkedList
Event: 4.300 Loading class java/util/AbstractSequentialList
Event: 4.300 Loading class java/util/AbstractSequentialList done
Event: 4.301 Loading class java/util/LinkedList done
Event: 4.338 Loading class java/net/ContentHandlerFactory
Event: 4.338 Loading class java/net/ContentHandlerFactory done
Event: 4.355 Loading class java/net/ContentHandler
Event: 4.356 Loading class java/net/ContentHandler done
Event: 4.417 Loading class javax/xml/parsers/ParserConfigurationException
Event: 4.417 Loading class javax/xml/parsers/ParserConfigurationException done
Event: 4.426 Loading class java/security/KeyStoreException
Event: 4.426 Loading class java/security/KeyStoreException done

Classes unloaded (0 events):
No events

Classes redefined (0 events):
No events

Internal exceptions (20 events):
Event: 1.965 Thread 0x00000192f8ba2a90 Exception <a 'java/lang/ClassNotFoundException'{0x00000000ec2b4fb8}: sun/net/www/protocol/c/Handler> (0x00000000ec2b4fb8) 
thrown [s\src\hotspot\share\classfile\systemDictionary.cpp, line 312]
Event: 1.980 Thread 0x00000192f8ba2a90 Exception <a 'java/io/FileNotFoundException'{0x00000000ec2dede0}> (0x00000000ec2dede0) 
thrown [s\src\hotspot\share\prims\jni.cpp, line 520]
Event: 2.125 Thread 0x00000192f8ba2a90 Implicit null exception at 0x0000019287b2aa49 to 0x0000019287b2b3fc
Event: 2.126 Thread 0x00000192f8ba2a90 Implicit null exception at 0x0000019287b3ba20 to 0x0000019287b3bc38
Event: 2.128 Thread 0x00000192f8ba2a90 Exception <a 'java/lang/NoSuchMethodError'{0x00000000eab09a38}: 'void java.lang.invoke.DirectMethodHandle$Holder.invokeStatic(java.lang.Object, java.lang.Object, java.lang.Object, java.lang.Object)'> (0x00000000eab09a38) 
thrown [s\src\hotspot\share\interpreter\linkResolver.cpp, line 773]
Event: 2.130 Thread 0x00000192f8ba2a90 Implicit null exception at 0x0000019287b2ee40 to 0x0000019287b2f114
Event: 2.290 Thread 0x00000192f8ba2a90 Exception <a 'java/lang/NoSuchMethodError'{0x00000000ead46e98}: 'long java.lang.invoke.DirectMethodHandle$Holder.invokeStatic(java.lang.Object, java.lang.Object, int)'> (0x00000000ead46e98) 
thrown [s\src\hotspot\share\interpreter\linkResolver.cpp, line 773]
Event: 2.292 Thread 0x00000192f8ba2a90 Exception <a 'java/lang/NoSuchMethodError'{0x00000000ead4e9a0}: 'java.lang.Object java.lang.invoke.DirectMethodHandle$Holder.invokeSpecial(java.lang.Object, java.lang.Object, java.lang.Object, java.lang.Object, long)'> (0x00000000ead4e9a0) 
thrown [s\src\hotspot\share\interpreter\linkResolver.cpp, line 773]
Event: 2.299 Thread 0x00000192f8ba2a90 Exception <a 'java/lang/NoSuchMethodError'{0x00000000ead5c620}: 'java.lang.Object java.lang.invoke.DirectMethodHandle$Holder.invokeSpecial(java.lang.Object, java.lang.Object, java.lang.Object, int, java.lang.Object)'> (0x00000000ead5c620) 
thrown [s\src\hotspot\share\interpreter\linkResolver.cpp, line 773]
Event: 2.302 Thread 0x00000192f8ba2a90 Exception <a 'java/lang/NoSuchMethodError'{0x00000000ead73990}: 'java.lang.Object java.lang.invoke.Invokers$Holder.invokeExact_MT(java.lang.Object, java.lang.Object, java.lang.Object, java.lang.Object, java.lang.Object, java.lang.Object)'> (0x00000000ead73990) 
thrown [s\src\hotspot\share\interpreter\linkResolver.cpp, line 773]
Event: 2.307 Thread 0x00000192f8ba2a90 Exception <a 'java/lang/NoSuchMethodError'{0x00000000ead8d4a8}: 'int java.lang.invoke.DirectMethodHandle$Holder.invokeStaticInit(java.lang.Object, java.lang.Object, java.lang.Object, java.lang.Object)'> (0x00000000ead8d4a8) 
thrown [s\src\hotspot\share\interpreter\linkResolver.cpp, line 773]
Event: 2.309 Thread 0x00000192f8ba2a90 Exception <a 'java/lang/NoSuchMethodError'{0x00000000ead95c60}: 'java.lang.Object java.lang.invoke.DirectMethodHandle$Holder.invokeInterface(java.lang.Object, java.lang.Object)'> (0x00000000ead95c60) 
thrown [s\src\hotspot\share\interpreter\linkResolver.cpp, line 773]
Event: 2.312 Thread 0x00000192f8ba2a90 Exception <a 'java/lang/IncompatibleClassChangeError'{0x00000000ead99198}: Found class java.lang.Object, but interface was expected> (0x00000000ead99198) 
thrown [s\src\hotspot\share\interpreter\linkResolver.cpp, line 840]
Event: 2.313 Thread 0x00000192f8ba2a90 Exception <a 'java/lang/NoSuchMethodError'{0x00000000ead9d350}: 'void java.lang.invoke.DirectMethodHandle$Holder.invokeStatic(java.lang.Object, java.lang.Object)'> (0x00000000ead9d350) 
thrown [s\src\hotspot\share\interpreter\linkResolver.cpp, line 773]
Event: 2.313 Thread 0x00000192f8ba2a90 Exception <a 'java/lang/NoSuchMethodError'{0x00000000eada06f8}: 'void java.lang.invoke.DirectMethodHandle$Holder.invokeStaticInit(java.lang.Object, java.lang.Object)'> (0x00000000eada06f8) 
thrown [s\src\hotspot\share\interpreter\linkResolver.cpp, line 773]
Event: 2.314 Thread 0x00000192f8ba2a90 Exception <a 'java/lang/NoSuchMethodError'{0x00000000eada7718}: 'int java.lang.invoke.DirectMethodHandle$Holder.invokeStaticInit(java.lang.Object, java.lang.Object)'> (0x00000000eada7718) 
thrown [s\src\hotspot\share\interpreter\linkResolver.cpp, line 773]
Event: 2.469 Thread 0x00000192f8ba2a90 Exception <a 'java/lang/NoSuchMethodError'{0x00000000eaf07a70}: 'void java.lang.invoke.DirectMethodHandle$Holder.invokeSpecial(java.lang.Object, java.lang.Object, java.lang.Object)'> (0x00000000eaf07a70) 
thrown [s\src\hotspot\share\interpreter\linkResolver.cpp, line 773]
Event: 3.669 Thread 0x00000192f8ba2a90 Exception <a 'java/lang/NoSuchMethodError'{0x00000000eb8ee188}: 'int java.lang.invoke.DirectMethodHandle$Holder.invokeVirtual(java.lang.Object, java.lang.Object)'> (0x00000000eb8ee188) 
thrown [s\src\hotspot\share\interpreter\linkResolver.cpp, line 773]
Event: 4.216 Thread 0x00000192f8ba2a90 Exception <a 'java/lang/NoSuchMethodError'{0x00000000ebc24178}: 'java.lang.Object java.lang.invoke.DirectMethodHandle$Holder.newInvokeSpecial(java.lang.Object, int, java.lang.Object)'> (0x00000000ebc24178) 
thrown [s\src\hotspot\share\interpreter\linkResolver.cpp, line 773]
Event: 4.307 Thread 0x00000192f8ba2a90 Exception <a 'java/lang/NoSuchMethodError'{0x00000000ebdb61a8}: 'java.lang.Object java.lang.invoke.DirectMethodHandle$Holder.newInvokeSpecial(java.lang.Object, java.lang.Object, java.lang.Object, java.lang.Object, int, java.lang.Object)'> (0x00000000ebdb61a8) 
thrown [s\src\hotspot\share\interpreter\linkResolver.cpp, line 773]

ZGC Phase Switch (0 events):
No events

VM Operations (20 events):
Event: 1.141 Executing VM operation: HandshakeAllThreads (Deoptimize)
Event: 1.141 Executing VM operation: HandshakeAllThreads (Deoptimize) done
Event: 1.141 Executing VM operation: Cleanup
Event: 1.141 Executing VM operation: Cleanup done
Event: 1.232 Executing VM operation: HandshakeAllThreads (Deoptimize)
Event: 1.232 Executing VM operation: HandshakeAllThreads (Deoptimize) done
Event: 1.925 Executing VM operation: HandshakeAllThreads (Deoptimize)
Event: 1.925 Executing VM operation: HandshakeAllThreads (Deoptimize) done
Event: 2.096 Executing VM operation: ParallelGCFailedAllocation (Allocation Failure)
Event: 2.124 Executing VM operation: ParallelGCFailedAllocation (Allocation Failure) done
Event: 3.129 Executing VM operation: Cleanup
Event: 3.143 Executing VM operation: Cleanup done
Event: 4.100 Executing VM operation: HandshakeAllThreads (Deoptimize)
Event: 4.100 Executing VM operation: HandshakeAllThreads (Deoptimize) done
Event: 4.190 Executing VM operation: HandshakeAllThreads (Deoptimize)
Event: 4.190 Executing VM operation: HandshakeAllThreads (Deoptimize) done
Event: 4.190 Executing VM operation: Cleanup
Event: 4.190 Executing VM operation: Cleanup done
Event: 4.301 Executing VM operation: HandshakeAllThreads (Deoptimize)
Event: 4.301 Executing VM operation: HandshakeAllThreads (Deoptimize) done

Memory protections (0 events):
No events

Nmethod flushes (0 events):
No events

Events (16 events):
Event: 0.037 Thread 0x00000192f8ba2a90 Thread added: 0x00000192f8ba2a90
Event: 0.070 Thread 0x00000192f8ba2a90 Thread added: 0x00000192fdec8960
Event: 0.070 Thread 0x00000192f8ba2a90 Thread added: 0x00000192fdecc890
Event: 0.071 Thread 0x00000192f8ba2a90 Thread added: 0x00000192fdece820
Event: 0.071 Thread 0x00000192f8ba2a90 Thread added: 0x00000192fdecf730
Event: 0.071 Thread 0x00000192f8ba2a90 Thread added: 0x00000192fded3400
Event: 0.071 Thread 0x00000192f8ba2a90 Thread added: 0x00000192fded3e50
Event: 0.071 Thread 0x00000192f8ba2a90 Thread added: 0x00000192fded4c80
Event: 0.080 Thread 0x00000192f8ba2a90 Thread added: 0x00000192fdf4b890
Event: 0.132 Thread 0x00000192f8ba2a90 Thread added: 0x00000192f8c0f5a0
Event: 0.651 Thread 0x00000192f8ba2a90 Thread added: 0x00000192feedb850
Event: 0.656 Thread 0x00000192fdf4b890 Thread added: 0x00000192feebf7c0
Event: 2.036 Thread 0x00000192feebf7c0 Thread exited: 0x00000192feebf7c0
Event: 2.642 Thread 0x00000192fdf4b890 Thread added: 0x00000192ff3054b0
Event: 2.774 Thread 0x00000192ff3054b0 Thread exited: 0x00000192ff3054b0
Event: 3.883 Thread 0x00000192f8ba2a90 Thread added: 0x00000192ff520790


Dynamic libraries:
0x00007ff6085b0000 - 0x00007ff6085be000 	c:\Users\HP\.vscode\extensions\redhat.java-1.41.1-win32-x64\jre\21.0.6-win32-x86_64\bin\java.exe
0x00007ffe480d0000 - 0x00007ffe482c8000 	C:\Windows\SYSTEM32\ntdll.dll
0x00007ffe46d40000 - 0x00007ffe46e02000 	C:\Windows\System32\KERNEL32.DLL
0x00007ffe45df0000 - 0x00007ffe460ef000 	C:\Windows\System32\KERNELBASE.dll
0x00007ffe45c80000 - 0x00007ffe45d80000 	C:\Windows\System32\ucrtbase.dll
0x00007ffe3e8d0000 - 0x00007ffe3e8e8000 	c:\Users\HP\.vscode\extensions\redhat.java-1.41.1-win32-x64\jre\21.0.6-win32-x86_64\bin\jli.dll
0x00007ffe46490000 - 0x00007ffe4662d000 	C:\Windows\System32\USER32.dll
0x00007ffe45810000 - 0x00007ffe45832000 	C:\Windows\System32\win32u.dll
0x00007ffe466d0000 - 0x00007ffe466fb000 	C:\Windows\System32\GDI32.dll
0x00007ffe45840000 - 0x00007ffe4595a000 	C:\Windows\System32\gdi32full.dll
0x00007ffe45770000 - 0x00007ffe4580d000 	C:\Windows\System32\msvcp_win.dll
0x00007ffe3c1d0000 - 0x00007ffe3c1ee000 	c:\Users\HP\.vscode\extensions\redhat.java-1.41.1-win32-x64\jre\21.0.6-win32-x86_64\bin\VCRUNTIME140.dll
0x00007ffe2d6d0000 - 0x00007ffe2d96a000 	C:\Windows\WinSxS\amd64_microsoft.windows.common-controls_6595b64144ccf1df_6.0.19041.4355_none_60b8b9eb71f62e16\COMCTL32.dll
0x00007ffe46240000 - 0x00007ffe462de000 	C:\Windows\System32\msvcrt.dll
0x00007ffe46e10000 - 0x00007ffe46e3f000 	C:\Windows\System32\IMM32.DLL
0x00007ffe3c9f0000 - 0x00007ffe3c9fc000 	c:\Users\HP\.vscode\extensions\redhat.java-1.41.1-win32-x64\jre\21.0.6-win32-x86_64\bin\vcruntime140_1.dll
0x00007ffe0e260000 - 0x00007ffe0e2ed000 	c:\Users\HP\.vscode\extensions\redhat.java-1.41.1-win32-x64\jre\21.0.6-win32-x86_64\bin\msvcp140.dll
0x00007ffdf4b30000 - 0x00007ffdf58c0000 	c:\Users\HP\.vscode\extensions\redhat.java-1.41.1-win32-x64\jre\21.0.6-win32-x86_64\bin\server\jvm.dll
0x00007ffe46e40000 - 0x00007ffe46eef000 	C:\Windows\System32\ADVAPI32.dll
0x00007ffe46630000 - 0x00007ffe466cf000 	C:\Windows\System32\sechost.dll
0x00007ffe47e20000 - 0x00007ffe47f43000 	C:\Windows\System32\RPCRT4.dll
0x00007ffe45c00000 - 0x00007ffe45c27000 	C:\Windows\System32\bcrypt.dll
0x00007ffe47fb0000 - 0x00007ffe4801b000 	C:\Windows\System32\WS2_32.dll
0x00007ffe455d0000 - 0x00007ffe4561b000 	C:\Windows\SYSTEM32\POWRPROF.dll
0x00007ffe2fa10000 - 0x00007ffe2fa37000 	C:\Windows\SYSTEM32\WINMM.dll
0x00007ffe3c860000 - 0x00007ffe3c86a000 	C:\Windows\SYSTEM32\VERSION.dll
0x00007ffe455b0000 - 0x00007ffe455c2000 	C:\Windows\SYSTEM32\UMPDC.dll
0x00007ffe43f90000 - 0x00007ffe43fa2000 	C:\Windows\SYSTEM32\kernel.appcore.dll
0x00007ffe3c9a0000 - 0x00007ffe3c9aa000 	c:\Users\HP\.vscode\extensions\redhat.java-1.41.1-win32-x64\jre\21.0.6-win32-x86_64\bin\jimage.dll
0x00007ffe40350000 - 0x00007ffe40534000 	C:\Windows\SYSTEM32\DBGHELP.DLL
0x00007ffe2c620000 - 0x00007ffe2c654000 	C:\Windows\SYSTEM32\dbgcore.DLL
0x00007ffe45b70000 - 0x00007ffe45bf2000 	C:\Windows\System32\bcryptPrimitives.dll
0x00007ffe3c910000 - 0x00007ffe3c91f000 	c:\Users\HP\.vscode\extensions\redhat.java-1.41.1-win32-x64\jre\21.0.6-win32-x86_64\bin\instrument.dll
0x00007ffe384e0000 - 0x00007ffe384ff000 	c:\Users\HP\.vscode\extensions\redhat.java-1.41.1-win32-x64\jre\21.0.6-win32-x86_64\bin\java.dll
0x00007ffe46ef0000 - 0x00007ffe4765d000 	C:\Windows\System32\SHELL32.dll
0x00007ffe40750000 - 0x00007ffe40ef4000 	C:\Windows\SYSTEM32\windows.storage.dll
0x00007ffe46700000 - 0x00007ffe46a55000 	C:\Windows\System32\combase.dll
0x00007ffe450d0000 - 0x00007ffe450ff000 	C:\Windows\SYSTEM32\Wldp.dll
0x00007ffe47660000 - 0x00007ffe4772d000 	C:\Windows\System32\OLEAUT32.dll
0x00007ffe47730000 - 0x00007ffe477dd000 	C:\Windows\System32\SHCORE.dll
0x00007ffe47cc0000 - 0x00007ffe47d15000 	C:\Windows\System32\shlwapi.dll
0x00007ffe456a0000 - 0x00007ffe456c4000 	C:\Windows\SYSTEM32\profapi.dll
0x00007ffe1ffa0000 - 0x00007ffe1ffb8000 	c:\Users\HP\.vscode\extensions\redhat.java-1.41.1-win32-x64\jre\21.0.6-win32-x86_64\bin\zip.dll
0x00007ffe3c8c0000 - 0x00007ffe3c8d0000 	C:\Users\HP\.vscode\extensions\redhat.java-1.41.1-win32-x64\jre\21.0.6-win32-x86_64\bin\net.dll
0x00007ffe39170000 - 0x00007ffe3927a000 	C:\Windows\SYSTEM32\WINHTTP.dll
0x00007ffe44e30000 - 0x00007ffe44e9c000 	C:\Windows\system32\mswsock.dll
0x00007ffe384c0000 - 0x00007ffe384d6000 	C:\Users\HP\.vscode\extensions\redhat.java-1.41.1-win32-x64\jre\21.0.6-win32-x86_64\bin\nio.dll
0x00007ffe3c890000 - 0x00007ffe3c8a0000 	c:\Users\HP\.vscode\extensions\redhat.java-1.41.1-win32-x64\jre\21.0.6-win32-x86_64\bin\verify.dll

dbghelp: loaded successfully - version: 4.0.5 - missing functions: none
symbol engine: initialized successfully - sym options: 0x614 - pdb path: .;c:\Users\HP\.vscode\extensions\redhat.java-1.41.1-win32-x64\jre\21.0.6-win32-x86_64\bin;C:\Windows\SYSTEM32;C:\Windows\WinSxS\amd64_microsoft.windows.common-controls_6595b64144ccf1df_6.0.19041.4355_none_60b8b9eb71f62e16;c:\Users\HP\.vscode\extensions\redhat.java-1.41.1-win32-x64\jre\21.0.6-win32-x86_64\bin\server

VM Arguments:
jvm_args: --add-modules=ALL-SYSTEM --add-opens=java.base/java.util=ALL-UNNAMED --add-opens=java.base/java.lang=ALL-UNNAMED --add-opens=java.base/sun.nio.fs=ALL-UNNAMED -Declipse.application=org.eclipse.jdt.ls.core.id1 -Dosgi.bundles.defaultStartLevel=4 -Declipse.product=org.eclipse.jdt.ls.core.product -Djava.import.generatesMetadataFilesAtProjectRoot=false -DDetectVMInstallationsJob.disabled=true -Dfile.encoding=utf8 -XX:+UseParallelGC -XX:GCTimeRatio=4 -XX:AdaptiveSizePolicyWeight=90 -Dsun.zip.disableMemoryMapping=true -Xmx1G -Xms100m -Xlog:disable -javaagent:c:\Users\HP\.vscode\extensions\redhat.java-1.41.1-win32-x64\lombok\lombok-1.18.36.jar -XX:+HeapDumpOnOutOfMemoryError -XX:HeapDumpPath=c:\Users\HP\AppData\Roaming\Code\User\workspaceStorage\3d93fc52392a3daa1c66da8be98952dc\redhat.java -Daether.dependencyCollector.impl=bf 
java_command: c:\Users\HP\.vscode\extensions\redhat.java-1.41.1-win32-x64\server\plugins\org.eclipse.equinox.launcher_1.7.0.v20250331-1702.jar -configuration c:\Users\HP\AppData\Roaming\Code\User\globalStorage\redhat.java\1.41.1\config_win -data c:\Users\HP\AppData\Roaming\Code\User\workspaceStorage\3d93fc52392a3daa1c66da8be98952dc\redhat.java\jdt_ws --pipe=\\.\pipe\lsp-07a7edbc19bf8a701ff86d68b101d0d8-sock
java_class_path (initial): c:\Users\HP\.vscode\extensions\redhat.java-1.41.1-win32-x64\server\plugins\org.eclipse.equinox.launcher_1.7.0.v20250331-1702.jar
Launcher Type: SUN_STANDARD

[Global flags]
    uintx AdaptiveSizePolicyWeight                 = 90                                        {product} {command line}
     intx CICompilerCount                          = 3                                         {product} {ergonomic}
    uintx GCTimeRatio                              = 4                                         {product} {command line}
     bool HeapDumpOnOutOfMemoryError               = true                                   {manageable} {command line}
    ccstr HeapDumpPath                             = c:\Users\HP\AppData\Roaming\Code\User\workspaceStorage\3d93fc52392a3daa1c66da8be98952dc\redhat.java         {manageable} {command line}
   size_t InitialHeapSize                          = 104857600                                 {product} {command line}
   size_t MaxHeapSize                              = 1073741824                                {product} {command line}
   size_t MaxNewSize                               = 357564416                                 {product} {ergonomic}
   size_t MinHeapDeltaBytes                        = 524288                                    {product} {ergonomic}
   size_t MinHeapSize                              = 104857600                                 {product} {command line}
   size_t NewSize                                  = 34603008                                  {product} {ergonomic}
    uintx NonNMethodCodeHeapSize                   = 5832780                                {pd product} {ergonomic}
    uintx NonProfiledCodeHeapSize                  = 122912730                              {pd product} {ergonomic}
   size_t OldSize                                  = 70254592                                  {product} {ergonomic}
    uintx ProfiledCodeHeapSize                     = 122912730                              {pd product} {ergonomic}
    uintx ReservedCodeCacheSize                    = 251658240                              {pd product} {ergonomic}
     bool SegmentedCodeCache                       = true                                      {product} {ergonomic}
   size_t SoftMaxHeapSize                          = 1073741824                             {manageable} {ergonomic}
     bool UseCompressedOops                        = true                           {product lp64_product} {ergonomic}
     bool UseLargePagesIndividualAllocation        = false                                  {pd product} {ergonomic}
     bool UseParallelGC                            = true                                      {product} {command line}

Logging:
Log output configuration:
 #0: stdout all=off uptime,level,tags foldmultilines=false
 #1: stderr all=off uptime,level,tags foldmultilines=false

Environment Variables:
PATH=D:\VSIS\bin\;C:\Python312\Scripts\;C:\Python312\;C:\Program Files (x86)\Common Files\Oracle\Java\java8path;C:\Program Files (x86)\Common Files\Oracle\Java\javapath;C:\Windows\system32;C:\Windows;C:\Windows\System32\Wbem;C:\Windows\System32\WindowsPowerShell\v1.0\;C:\Windows\System32\OpenSSH\;C:\Program Files (x86)\Windows Kits\10\Windows Performance Toolkit\;C:\Program Files\Azure Data Studio\bin;C:\Program Files\Microsoft SQL Server\Client SDK\ODBC\170\Tools\Binn\;C:\Program Files (x86)\Microsoft SQL Server\150\Tools\Binn\;C:\Program Files\Microsoft SQL Server\150\Tools\Binn\;C:\Program Files\Microsoft SQL Server\150\DTS\Binn\;C:\Program Files (x86)\Microsoft SQL Server\160\DTS\Binn\;C:\Program Files\Java\jdk-1.8\bin;C:\Program Files\nodejs\;C:\ProgramData\chocolatey\bin;C:\Program Files\maven-mvnd-1.0.2-windows-amd64;C:\ProgramData\chocolatey\lib\maven\apache-maven-3.9.9\bin;C:\Program Files\Git\cmd;C:\Program Files\MySQL\MySQL Shell 8.0\bin\;C:\Users\HP\AppData\Local\Programs\Python\Python313\Scripts\;C:\Users\HP\AppData\Local\Programs\Python\Python313\;C:\Users\HP\AppData\Local\Microsoft\WindowsApps;C:\Users\HP\AppData\Local\Programs\Microsoft VS Code\bin;C:\Program Files\Azure Data Studio\bin;C:\Users\HP\AppData\Roaming\npm;C:\Program Files\nodejs;C:\Users\HP\AppData\Local\GitHubDesktop\bin;C:\Users\HP\AppData\Local\Programs\mongosh\
USERNAME=Chamath Chamupathi
OS=Windows_NT
PROCESSOR_IDENTIFIER=Intel64 Family 6 Model 78 Stepping 3, GenuineIntel
TMP=C:\Users\HP\AppData\Local\Temp
TEMP=C:\Users\HP\AppData\Local\Temp




Periodic native trim disabled

---------------  S Y S T E M  ---------------

OS:
 Windows 10 , 64 bit Build 19041 (10.0.19041.5438)
OS uptime: 7 days 12:03 hours

CPU: total 4 (initial active 4) (2 cores per cpu, 2 threads per core) family 6 model 78 stepping 3 microcode 0xf0, cx8, cmov, fxsr, ht, mmx, 3dnowpref, sse, sse2, sse3, ssse3, sse4.1, sse4.2, popcnt, lzcnt, tsc, tscinvbit, avx, avx2, aes, erms, clmul, bmi1, bmi2, rtm, adx, fma, vzeroupper, clflush, clflushopt, rdtscp, f16c
Processor Information for the first 4 processors :
  Max Mhz: 2496, Current Mhz: 2396, Mhz Limit: 2396

Memory: 4k page, system-wide physical 8072M (433M free)
TotalPageFile size 12240M (AvailPageFile size 0M)
current process WorkingSet (physical memory assigned to process): 85M, peak: 85M
current process commit charge ("private bytes"): 192M, peak: 193M

vm_info: OpenJDK 64-Bit Server VM (21.0.6+7-LTS) for windows-amd64 JRE (21.0.6+7-LTS), built on 2025-01-21T00:00:00Z by "admin" with MS VC++ 17.7 (VS2022)

END.
